<?xml version="1.0" encoding="UTF-8"?>
<testsuite name="TestSuite" time="15.631" tests="1" errors="0" skipped="0" failures="1">
  <properties>
[...]
</properties>
  <testcase name="testAddToCart" classname="com.global.TechnicalChallenge.testCase.FunctionalTests" time="15.631">
    <failure message="Build info: version: &apos;4.6.0&apos;, revision: &apos;79f1c02ae20&apos;&#10;System info: os.name: &apos;Mac OS X&apos;, os.arch: &apos;x86_64&apos;, os.version: &apos;10.16&apos;, java.version: &apos;14.0.1&apos;&#10;Driver info: org.openqa.selenium.safari.SafariDriver&#10;Command: [D7C73460-3781-407A-A42D-F0D250CBBC16, quit {}]&#10;Capabilities {acceptInsecureCerts: false, browserName: Safari, browserVersion: 16.3, platformName: MAC, safari:automaticInspection: false, safari:automaticProfiling: false, safari:diagnose: false, safari:platformBuildVersion: 22D68, safari:platformVersion: 13.2.1, safari:useSimulator: false, setWindowRect: true, strictFileInteractability: false, webkit:WebRTC: {DisableICECandidateFiltering: false, DisableInsecureMediaCapture: false}}&#10;Session ID: D7C73460-3781-407A-A42D-F0D250CBBC16" type="org.openqa.selenium.NoSuchSessionException">org.openqa.selenium.NoSuchSessionException: Build info: version: '4.6.0', revision: '79f1c02ae20'
System info: os.name: 'Mac OS X', os.arch: 'x86_64', os.version: '10.16', java.version: '14.0.1'
Driver info: org.openqa.selenium.safari.SafariDriver
Command: [D7C73460-3781-407A-A42D-F0D250CBBC16, quit {}]
Capabilities {acceptInsecureCerts: false, browserName: Safari, browserVersion: 16.3, platformName: MAC, safari:automaticInspection: false, safari:automaticProfiling: false, safari:diagnose: false, safari:platformBuildVersion: 22D68, safari:platformVersion: 13.2.1, safari:useSimulator: false, setWindowRect: true, strictFileInteractability: false, webkit:WebRTC: {DisableICECandidateFiltering: false, DisableInsecureMediaCapture: false}}
Session ID: D7C73460-3781-407A-A42D-F0D250CBBC16
	at java.base/jdk.internal.reflect.NativeConstructorAccessorImpl.newInstance0(Native Method)
	at java.base/jdk.internal.reflect.NativeConstructorAccessorImpl.newInstance(NativeConstructorAccessorImpl.java:62)
	at java.base/jdk.internal.reflect.DelegatingConstructorAccessorImpl.newInstance(DelegatingConstructorAccessorImpl.java:45)
	at java.base/java.lang.reflect.Constructor.newInstanceWithCaller(Constructor.java:500)
	at java.base/java.lang.reflect.Constructor.newInstance(Constructor.java:481)
	at org.openqa.selenium.remote.codec.w3c.W3CHttpResponseCodec.createException(W3CHttpResponseCodec.java:200)
	at org.openqa.selenium.remote.codec.w3c.W3CHttpResponseCodec.decode(W3CHttpResponseCodec.java:133)
	at org.openqa.selenium.remote.codec.w3c.W3CHttpResponseCodec.decode(W3CHttpResponseCodec.java:53)
	at org.openqa.selenium.remote.HttpCommandExecutor.execute(HttpCommandExecutor.java:184)
	at org.openqa.selenium.remote.service.DriverCommandExecutor.invokeExecute(DriverCommandExecutor.java:167)
	at org.openqa.selenium.remote.service.DriverCommandExecutor.lambda$execute$1(DriverCommandExecutor.java:105)
	at java.base/java.util.concurrent.CompletableFuture$AsyncSupply.run(CompletableFuture.java:1764)
	at java.base/java.util.concurrent.ThreadPoolExecutor.runWorker(ThreadPoolExecutor.java:1130)
	at java.base/java.util.concurrent.ThreadPoolExecutor$Worker.run(ThreadPoolExecutor.java:630)
	at java.base/java.lang.Thread.run(Thread.java:832)
</failure>
    <system-out>ABC.......
 INFO [Failed Case] (Report.java:38)- Landed on page: Home Page
 INFO [Failed Case] (Report.java:38)- Searched the product - Gwyn Endurance Tee
 INFO [Failed Case] (Report.java:38)- Landed on page: Search results for: 'Gwyn Endurance Tee'
 INFO [Failed Case] (Report.java:38)- Landed on page: Gwyn Endurance Tee
 INFO [Failed Case] (Report.java:38)- Landed on page: Gwyn Endurance Tee
ERROR [Failed Case] (Report.java:43)- Error occured.
</system-out>
    <system-err>SLF4J: Failed to load class "org.slf4j.impl.StaticLoggerBinder".
SLF4J: Defaulting to no-operation (NOP) logger implementation
SLF4J: See http://www.slf4j.org/codes.html#StaticLoggerBinder for further details.
</system-err>
  </testcase>
</testsuite>